[2026-02-01 09:59:17.957] [INFO] [run-1769939957-922354:1] Validating input configuration...
[2026-02-01 09:59:17.957] [INFO] [run-1769939957-922354:1] Input validation passed
[2026-02-01 09:59:17.957] [INFO] [run-1769939957-922354:1] Testing SSH connection...
[2026-02-01 09:59:19.898] [INFO] [run-1769939957-922354:1] SSH connection successful
[2026-02-01 09:59:19.898] [INFO] [run-1769939957-922354:1] Preparing server...
[2026-02-01 09:59:20.822] [INFO] [run-1769939957-922354:1] Updating package lists...
[2026-02-01 09:59:22.956] [INFO] [run-1769939957-922354:1] Installing common dependencies...
[2026-02-01 09:59:39.097] [INFO] [run-1769939957-922354:1] Server preparation completed
[2026-02-01 09:59:39.097] [INFO] [run-1769939957-922354:1] Deploying mail server stack...
[2026-02-01 09:59:40.011] [INFO] [run-1769939957-922354:1] Deploying Postfix + Dovecot profile...
[2026-02-01 10:00:28.872] [WARN] [run-1769939957-922354:1] Retry 1/2 in 100ms: [DEPLOY_FAILED] Deployment failed: failed to configure OpenDKIM: command failed (exit code 1): Job for opendkim.service failed because the control process exited with error code.
See "systemctl status opendkim.service" and "journalctl -xeu opendkim.service" for details.

[2026-02-01 10:00:28.972] [INFO] [run-1769939957-922354:1] Validating input configuration...
[2026-02-01 10:00:28.972] [INFO] [run-1769939957-922354:1] Input validation passed
[2026-02-01 10:00:28.972] [INFO] [run-1769939957-922354:1] Testing SSH connection...
[2026-02-01 10:00:30.852] [INFO] [run-1769939957-922354:1] SSH connection successful
[2026-02-01 10:00:30.852] [INFO] [run-1769939957-922354:1] Preparing server...
[2026-02-01 10:00:31.793] [INFO] [run-1769939957-922354:1] Updating package lists...
[2026-02-01 10:00:33.927] [INFO] [run-1769939957-922354:1] Installing common dependencies...
[2026-02-01 10:00:50.100] [INFO] [run-1769939957-922354:1] Server preparation completed
[2026-02-01 10:00:50.100] [INFO] [run-1769939957-922354:1] Deploying mail server stack...
[2026-02-01 10:00:51.071] [INFO] [run-1769939957-922354:1] Deploying Postfix + Dovecot profile...
[2026-02-01 10:01:17.431] [WARN] [run-1769939957-922354:1] Retry 2/2 in 600ms: [DEPLOY_FAILED] Deployment failed: failed to configure OpenDKIM: command failed (exit code 1): Job for opendkim.service failed because the control process exited with error code.
See "systemctl status opendkim.service" and "journalctl -xeu opendkim.service" for details.

[2026-02-01 10:01:18.032] [INFO] [run-1769939957-922354:1] Validating input configuration...
[2026-02-01 10:01:18.032] [INFO] [run-1769939957-922354:1] Input validation passed
[2026-02-01 10:01:18.032] [INFO] [run-1769939957-922354:1] Testing SSH connection...
[2026-02-01 10:01:19.971] [INFO] [run-1769939957-922354:1] SSH connection successful
[2026-02-01 10:01:19.971] [INFO] [run-1769939957-922354:1] Preparing server...
[2026-02-01 10:01:20.922] [INFO] [run-1769939957-922354:1] Updating package lists...
[2026-02-01 10:01:23.046] [INFO] [run-1769939957-922354:1] Installing common dependencies...
[2026-02-01 10:01:39.213] [INFO] [run-1769939957-922354:1] Server preparation completed
[2026-02-01 10:01:39.213] [INFO] [run-1769939957-922354:1] Deploying mail server stack...
[2026-02-01 10:01:40.176] [INFO] [run-1769939957-922354:1] Deploying Postfix + Dovecot profile...
[2026-02-01 10:02:06.711] [ERROR] [run-1769939957-922354:1] [DEPLOY_FAILED] Deployment failed: failed to configure OpenDKIM: command failed (exit code 1): Job for opendkim.service failed because the control process exited with error code.
See "systemctl status opendkim.service" and "journalctl -xeu opendkim.service" for details.

[2026-02-01 10:02:06.958] [INFO] [run-1769939957-922354:0] Run completed: 0 success, 1 failed, 0 cancelled in 169000ms
