[2026-02-01 08:39:46.887] [INFO] [run-1769935186-101860:1] Validating input configuration...
[2026-02-01 08:39:46.887] [INFO] [run-1769935186-101860:1] Input validation passed
[2026-02-01 08:39:46.887] [WARN] [run-1769935186-101860:1] Failed to encode step event: short write
[2026-02-01 08:39:46.887] [INFO] [run-1769935186-101860:1] Testing SSH connection...
[2026-02-01 08:39:46.887] [INFO] [run-1769935186-101860:2] Validating input configuration...
[2026-02-01 08:39:46.887] [INFO] [run-1769935186-101860:2] Input validation passed
[2026-02-01 08:39:46.887] [WARN] [run-1769935186-101860:2] Failed to encode step event: failed to write event: short write
[2026-02-01 08:39:46.887] [INFO] [run-1769935186-101860:2] Testing SSH connection...
[2026-02-01 08:39:56.888] [WARN] [run-1769935186-101860:2] Failed to encode step event: failed to write event: short write
[2026-02-01 08:39:56.888] [ERROR] [run-1769935186-101860:2] Failed to update state: failed to write event: short write
[2026-02-01 08:39:56.888] [WARN] [run-1769935186-101860:2] Retry 1/2 in 100ms: [SSH_CONN] Failed to create SSH client: failed to dial: dial tcp 192.168.1.101:22: i/o timeout
[2026-02-01 08:39:56.888] [WARN] [run-1769935186-101860:1] Failed to encode step event: failed to write event: short write
[2026-02-01 08:39:56.888] [ERROR] [run-1769935186-101860:1] Failed to update state: failed to write event: short write
[2026-02-01 08:39:56.888] [WARN] [run-1769935186-101860:1] Retry 1/2 in 100ms: [SSH_CONN] Failed to create SSH client: failed to dial: dial tcp 192.168.1.100:22: i/o timeout
[2026-02-01 08:39:56.888] [INFO] [run-1769935186-101860:3] Validating input configuration...
[2026-02-01 08:39:56.888] [INFO] [run-1769935186-101860:3] Input validation passed
[2026-02-01 08:39:56.888] [INFO] [run-1769935186-101860:4] Validating input configuration...
[2026-02-01 08:39:56.888] [INFO] [run-1769935186-101860:4] Input validation passed
[2026-02-01 08:39:56.888] [WARN] [run-1769935186-101860:3] Failed to encode step event: failed to write event: short write
[2026-02-01 08:39:56.888] [INFO] [run-1769935186-101860:3] Testing SSH connection...
[2026-02-01 08:39:56.888] [WARN] [run-1769935186-101860:4] Failed to encode step event: failed to write event: short write
[2026-02-01 08:39:56.888] [INFO] [run-1769935186-101860:4] Testing SSH connection...
[2026-02-01 08:40:06.889] [WARN] [run-1769935186-101860:3] Failed to encode step event: failed to write event: short write
[2026-02-01 08:40:06.889] [WARN] [run-1769935186-101860:4] Failed to encode step event: failed to write event: short write
[2026-02-01 08:40:06.889] [ERROR] [run-1769935186-101860:4] Failed to update state: failed to write event: short write
[2026-02-01 08:40:06.889] [WARN] [run-1769935186-101860:4] Retry 1/2 in 100ms: [SSH_CONN] Failed to create SSH client: failed to dial: dial tcp 192.168.1.103:22: i/o timeout
[2026-02-01 08:40:06.889] [INFO] [run-1769935186-101860:5] Validating input configuration...
[2026-02-01 08:40:06.889] [INFO] [run-1769935186-101860:5] Input validation passed
[2026-02-01 08:40:06.889] [ERROR] [run-1769935186-101860:3] Failed to update state: failed to write event: short write
[2026-02-01 08:40:06.889] [WARN] [run-1769935186-101860:5] Failed to encode step event: failed to write event: short write
[2026-02-01 08:40:06.889] [INFO] [run-1769935186-101860:5] Testing SSH connection...
[2026-02-01 08:40:06.889] [WARN] [run-1769935186-101860:3] Retry 1/2 in 100ms: [SSH_CONN] Failed to create SSH client: failed to dial: dial tcp 192.168.1.102:22: i/o timeout
[2026-02-01 08:40:06.889] [INFO] [run-1769935186-101860:2] Validating input configuration...
[2026-02-01 08:40:06.889] [INFO] [run-1769935186-101860:2] Input validation passed
[2026-02-01 08:40:06.889] [WARN] [run-1769935186-101860:2] Failed to encode step event: failed to write event: short write
[2026-02-01 08:40:06.889] [INFO] [run-1769935186-101860:2] Testing SSH connection...
[2026-02-01 08:40:16.890] [WARN] [run-1769935186-101860:5] Failed to encode step event: failed to write event: short write
[2026-02-01 08:40:16.890] [ERROR] [run-1769935186-101860:5] Failed to update state: failed to write event: short write
[2026-02-01 08:40:16.890] [WARN] [run-1769935186-101860:5] Retry 1/2 in 100ms: [SSH_CONN] Failed to create SSH client: failed to dial: dial tcp 192.168.1.104:22: i/o timeout
[2026-02-01 08:40:16.890] [INFO] [run-1769935186-101860:1] Validating input configuration...
[2026-02-01 08:40:16.890] [INFO] [run-1769935186-101860:1] Input validation passed
[2026-02-01 08:40:16.890] [WARN] [run-1769935186-101860:1] Failed to encode step event: failed to write event: short write
[2026-02-01 08:40:16.890] [INFO] [run-1769935186-101860:1] Testing SSH connection...
[2026-02-01 08:40:16.890] [WARN] [run-1769935186-101860:2] Failed to encode step event: failed to write event: short write
[2026-02-01 08:40:16.890] [ERROR] [run-1769935186-101860:2] Failed to update state: failed to write event: short write
[2026-02-01 08:40:16.890] [WARN] [run-1769935186-101860:2] Retry 2/2 in 600ms: [SSH_CONN] Failed to create SSH client: failed to dial: dial tcp 192.168.1.101:22: i/o timeout
[2026-02-01 08:40:16.890] [INFO] [run-1769935186-101860:3] Validating input configuration...
[2026-02-01 08:40:16.890] [INFO] [run-1769935186-101860:3] Input validation passed
[2026-02-01 08:40:16.890] [WARN] [run-1769935186-101860:3] Failed to encode step event: failed to write event: short write
[2026-02-01 08:40:16.890] [INFO] [run-1769935186-101860:3] Testing SSH connection...
[2026-02-01 08:40:26.890] [WARN] [run-1769935186-101860:1] Failed to encode step event: failed to write event: short write
[2026-02-01 08:40:26.890] [ERROR] [run-1769935186-101860:1] Failed to update state: failed to write event: short write
[2026-02-01 08:40:26.890] [WARN] [run-1769935186-101860:1] Retry 2/2 in 600ms: [SSH_CONN] Failed to create SSH client: failed to dial: dial tcp 192.168.1.100:22: i/o timeout
[2026-02-01 08:40:26.890] [INFO] [run-1769935186-101860:4] Validating input configuration...
[2026-02-01 08:40:26.890] [INFO] [run-1769935186-101860:4] Input validation passed
[2026-02-01 08:40:26.890] [WARN] [run-1769935186-101860:4] Failed to encode step event: failed to write event: short write
[2026-02-01 08:40:26.890] [INFO] [run-1769935186-101860:4] Testing SSH connection...
[2026-02-01 08:40:26.890] [WARN] [run-1769935186-101860:3] Failed to encode step event: failed to write event: short write
[2026-02-01 08:40:26.890] [ERROR] [run-1769935186-101860:3] Failed to update state: failed to write event: short write
[2026-02-01 08:40:26.890] [WARN] [run-1769935186-101860:3] Retry 2/2 in 600ms: [SSH_CONN] Failed to create SSH client: failed to dial: dial tcp 192.168.1.102:22: i/o timeout
[2026-02-01 08:40:26.890] [INFO] [run-1769935186-101860:5] Validating input configuration...
[2026-02-01 08:40:26.890] [INFO] [run-1769935186-101860:5] Input validation passed
[2026-02-01 08:40:26.890] [WARN] [run-1769935186-101860:5] Failed to encode step event: failed to write event: short write
[2026-02-01 08:40:26.890] [INFO] [run-1769935186-101860:5] Testing SSH connection...
[2026-02-01 08:40:36.891] [WARN] [run-1769935186-101860:5] Failed to encode step event: failed to write event: short write
[2026-02-01 08:40:36.891] [ERROR] [run-1769935186-101860:5] Failed to update state: failed to write event: short write
[2026-02-01 08:40:36.891] [WARN] [run-1769935186-101860:5] Retry 2/2 in 600ms: [SSH_CONN] Failed to create SSH client: failed to dial: dial tcp 192.168.1.104:22: i/o timeout
[2026-02-01 08:40:36.891] [INFO] [run-1769935186-101860:2] Validating input configuration...
[2026-02-01 08:40:36.891] [WARN] [run-1769935186-101860:4] Failed to encode step event: failed to write event: short write
[2026-02-01 08:40:36.891] [ERROR] [run-1769935186-101860:4] Failed to update state: failed to write event: short write
[2026-02-01 08:40:36.891] [WARN] [run-1769935186-101860:4] Retry 2/2 in 600ms: [SSH_CONN] Failed to create SSH client: failed to dial: dial tcp 192.168.1.103:22: i/o timeout
[2026-02-01 08:40:36.891] [INFO] [run-1769935186-101860:2] Input validation passed
[2026-02-01 08:40:36.891] [INFO] [run-1769935186-101860:3] Validating input configuration...
[2026-02-01 08:40:36.891] [INFO] [run-1769935186-101860:3] Input validation passed
[2026-02-01 08:40:36.891] [WARN] [run-1769935186-101860:3] Failed to encode step event: failed to write event: short write
[2026-02-01 08:40:36.891] [INFO] [run-1769935186-101860:3] Testing SSH connection...
[2026-02-01 08:40:36.891] [WARN] [run-1769935186-101860:2] Failed to encode step event: failed to write event: short write
[2026-02-01 08:40:36.891] [INFO] [run-1769935186-101860:2] Testing SSH connection...
