{"level":"INFO","message":"[:0] MailOps CLI started in event stream mode","timestamp":"2026-02-01T06:25:38Z"}
{"level":"INFO","message":"[661359:0] Starting run: 661359","timestamp":"2026-02-01T06:25:38Z"}
{"level":"INFO","message":"[661359:0] Loaded 1 server configurations","timestamp":"2026-02-01T06:25:38Z"}
{"run_id":"661359","total_tasks":1,"concurrency":1,"dry_run":false}
{"run_id":"661359","completed":0,"total":1,"success":0,"failed":0,"cancelled":0,"running":0,"pending":1}
{"row_id":1,"step":"validate_input","phase":"START","message":"Starting validate_input","success":false}
{"row_id":1,"step":"validate_input","phase":"END","message":"Completed validate_input","success":true}
{"row_id":1,"step":"ssh_connect_test","phase":"START","message":"Starting ssh_connect_test","success":false}
{"run_id":"661359","completed":0,"total":1,"success":0,"failed":0,"cancelled":0,"running":0,"pending":1}
{"row_id":1,"step":"ssh_connect_test","phase":"END","message":"Completed ssh_connect_test","success":true}
{"row_id":1,"step":"server_prepare","phase":"START","message":"Starting server_prepare","success":false}
{"run_id":"661359","completed":0,"total":1,"success":0,"failed":0,"cancelled":0,"running":0,"pending":1}
{"row_id":1,"step":"server_prepare","phase":"END","message":"Completed server_prepare","success":true}
{"row_id":1,"step":"deploy_mailstack","phase":"START","message":"Starting deploy_mailstack","success":false}
{"row_id":1,"step":"deploy_mailstack","phase":"END","message":"Completed deploy_mailstack","success":true}
{"row_id":1,"step":"generate_dkim","phase":"START","message":"Starting generate_dkim","success":false}
{"run_id":"661359","completed":0,"total":1,"success":0,"failed":0,"cancelled":0,"running":0,"pending":1}
{"row_id":1,"step":"generate_dkim","phase":"END","message":"Completed generate_dkim","success":true}
{"row_id":1,"step":"dns_apply","phase":"START","message":"Starting dns_apply","success":false}
{"run_id":"661359","completed":0,"total":1,"success":0,"failed":0,"cancelled":0,"running":0,"pending":1}
{"row_id":1,"step":"dns_apply","phase":"END","message":"Completed dns_apply","success":true}
{"row_id":1,"step":"healthcheck","phase":"START","message":"Starting healthcheck","success":false}
{"row_id":1,"step":"healthcheck","phase":"END","message":"Completed healthcheck","success":true}
{"row_id":1,"step":"finalize_report","phase":"START","message":"Starting finalize_report","success":false}
{"row_id":1,"step":"finalize_report","phase":"END","message":"Completed finalize_report","success":true}
{"row_id":1,"state":"SUCCESS","message":"SUCCESS"}
{"run_id":"661359","completed":1,"total":1,"success":1,"failed":0,"cancelled":0,"running":0,"pending":0}
{"run_id":"661359","status":"COMPLETED","total_tasks":1,"success":1,"failed":0,"cancelled":0,"results_file":"output/results/success.txt","report_file":"output/reports/661359"}
{"level":"INFO","message":"[661359:0] Run completed: 1 success, 0 failed, 0 cancelled","timestamp":"2026-02-01T06:25:41Z"}
{"level":"INFO","message":"[:0] Received EOF, shutting down","timestamp":"2026-02-01T06:25:41Z"}
